<?xml version="1.0" encoding="UTF-8"?>
<!-- Generated by org.testng.reporters.JUnitReportReporter -->
<testsuite hostname="Desktop-Gaston" failures="0" tests="2" name="Technical.Interview.Pyxis" time="35.162" errors="0" timestamp="2022-07-20T14:36:27 UYT" skipped="0">
  <testcase classname="Technical.Interview.Pyxis" name="navigate" time="16.714"/>
  <system-out/>
  <testcase classname="Technical.Interview.Pyxis" name="navigate" time="18.448"/>
  <system-out/>
</testsuite> <!-- Technical.Interview.Pyxis -->
